2025-04-10 18:41:31 - INFO - device='cuda'
2025-04-10 18:41:44 - INFO - loaded tokenizer and model
2025-04-10 18:42:45 - INFO - Training started
2025-04-10 18:42:45 - INFO - Total number of training steps: 2500
2025-04-10 18:42:45 - INFO - Expect logs at every 50 and 25
2025-04-10 18:43:07 - INFO - train step:    25 | 0: 2.2270 | 1: 9.1591 | 2: 9.5859
2025-04-10 18:43:27 - INFO - train step:    50 | 0: 3.0350 | 1: 8.7986 | 2: 9.1491
2025-04-10 18:45:57 - INFO - val step:    50 | 0: 4.4544 | 1: 8.9740 | 2: 9.3338 acc 0: 60.00 | acc 1: 15.54 | acc 2: 10.08
2025-04-10 18:46:18 - INFO - train step:    75 | 0: 3.4705 | 1: 8.4120 | 2: 8.7597
2025-04-10 18:46:38 - INFO - train step:   100 | 0: 3.5204 | 1: 8.1192 | 2: 8.4656
2025-04-10 18:49:07 - INFO - val step:   100 | 0: 6.2036 | 1: 8.6563 | 2: 8.9836 acc 0: 57.48 | acc 1: 18.63 | acc 2: 13.20
2025-04-10 18:49:25 - INFO - train step:   125 | 0: 3.9144 | 1: 7.9400 | 2: 8.2750
2025-04-10 18:49:44 - INFO - train step:   150 | 0: 3.8741 | 1: 7.6788 | 2: 8.0440
2025-04-10 18:52:13 - INFO - val step:   150 | 0: 7.1546 | 1: 8.4060 | 2: 8.7223 acc 0: 56.44 | acc 1: 20.82 | acc 2: 15.75
2025-04-10 18:52:33 - INFO - train step:   175 | 0: 3.9668 | 1: 7.5049 | 2: 7.8717
2025-04-10 18:52:52 - INFO - train step:   200 | 0: 4.1594 | 1: 7.3502 | 2: 7.7260
2025-04-10 18:55:21 - INFO - val step:   200 | 0: 7.6347 | 1: 8.2188 | 2: 8.5290 acc 0: 56.26 | acc 1: 22.17 | acc 2: 17.72
2025-04-10 18:55:41 - INFO - train step:   225 | 0: 4.0522 | 1: 7.4411 | 2: 7.7959
2025-04-10 18:56:02 - INFO - train step:   250 | 0: 4.4238 | 1: 7.3933 | 2: 7.7461
2025-04-10 18:58:31 - INFO - val step:   250 | 0: 7.6491 | 1: 8.1445 | 2: 8.4478 acc 0: 56.91 | acc 1: 22.74 | acc 2: 18.87
2025-04-10 18:58:50 - INFO - train step:   275 | 0: 4.7670 | 1: 7.4077 | 2: 7.7261
2025-04-10 18:59:10 - INFO - train step:   300 | 0: 4.1393 | 1: 7.1446 | 2: 7.4939
2025-04-10 19:01:39 - INFO - val step:   300 | 0: 7.8000 | 1: 8.0230 | 2: 8.3226 acc 0: 56.10 | acc 1: 23.38 | acc 2: 20.02
2025-04-10 19:01:56 - INFO - train step:   325 | 0: 4.6337 | 1: 7.0755 | 2: 7.3903
2025-04-10 19:02:14 - INFO - train step:   350 | 0: 4.4004 | 1: 6.9151 | 2: 7.2361
2025-04-10 19:04:43 - INFO - val step:   350 | 0: 8.0256 | 1: 7.9144 | 2: 8.2190 acc 0: 55.06 | acc 1: 23.45 | acc 2: 20.35
2025-04-10 19:05:01 - INFO - train step:   375 | 0: 5.1120 | 1: 7.0997 | 2: 7.4238
2025-04-10 19:05:21 - INFO - train step:   400 | 0: 4.8184 | 1: 7.0529 | 2: 7.3910
2025-04-10 19:07:50 - INFO - val step:   400 | 0: 7.6833 | 1: 7.8670 | 2: 8.1709 acc 0: 56.79 | acc 1: 23.53 | acc 2: 20.68
2025-04-10 19:08:09 - INFO - train step:   425 | 0: 3.9109 | 1: 6.6644 | 2: 7.0033
2025-04-10 19:08:27 - INFO - train step:   450 | 0: 4.0627 | 1: 6.7399 | 2: 7.0882
2025-04-10 19:10:56 - INFO - val step:   450 | 0: 7.8843 | 1: 7.7903 | 2: 8.0955 acc 0: 55.99 | acc 1: 23.63 | acc 2: 20.95
2025-04-10 19:11:14 - INFO - train step:   475 | 0: 4.0471 | 1: 6.5661 | 2: 6.9225
2025-04-10 19:11:33 - INFO - train step:   500 | 0: 4.5312 | 1: 6.7385 | 2: 7.0755
2025-04-10 19:14:01 - INFO - val step:   500 | 0: 7.8281 | 1: 7.7441 | 2: 8.0497 acc 0: 56.45 | acc 1: 23.80 | acc 2: 21.23
2025-04-10 19:14:20 - INFO - train step:   525 | 0: 4.4684 | 1: 6.8563 | 2: 7.2067
2025-04-10 19:14:44 - INFO - train step:   550 | 0: 3.7827 | 1: 6.8240 | 2: 7.1486
2025-04-10 19:17:13 - INFO - val step:   550 | 0: 7.6443 | 1: 7.6958 | 2: 8.0061 acc 0: 56.57 | acc 1: 24.47 | acc 2: 21.76
2025-04-10 19:17:31 - INFO - train step:   575 | 0: 4.3465 | 1: 6.7619 | 2: 7.0659
2025-04-10 19:17:53 - INFO - train step:   600 | 0: 4.1491 | 1: 6.7394 | 2: 7.0530
2025-04-10 19:20:21 - INFO - val step:   600 | 0: 7.4871 | 1: 7.6700 | 2: 7.9749 acc 0: 57.16 | acc 1: 24.52 | acc 2: 21.98
2025-04-10 19:20:42 - INFO - train step:   625 | 0: 3.9708 | 1: 6.6191 | 2: 6.9555
2025-04-10 19:21:02 - INFO - train step:   650 | 0: 4.2812 | 1: 6.7586 | 2: 7.1132
2025-04-10 19:23:31 - INFO - val step:   650 | 0: 7.4598 | 1: 7.6343 | 2: 7.9416 acc 0: 56.64 | acc 1: 24.58 | acc 2: 22.10
2025-04-10 19:23:50 - INFO - train step:   675 | 0: 4.4975 | 1: 6.7582 | 2: 7.0809
2025-04-10 19:24:11 - INFO - train step:   700 | 0: 4.4097 | 1: 6.7683 | 2: 7.1027
2025-04-10 19:26:40 - INFO - val step:   700 | 0: 7.3471 | 1: 7.6114 | 2: 7.9132 acc 0: 56.33 | acc 1: 24.46 | acc 2: 22.30
2025-04-10 19:26:57 - INFO - train step:   725 | 0: 3.7052 | 1: 6.3010 | 2: 6.6523
2025-04-10 19:27:17 - INFO - train step:   750 | 0: 3.8300 | 1: 6.3964 | 2: 6.7205
2025-04-10 19:29:45 - INFO - val step:   750 | 0: 7.4934 | 1: 7.5962 | 2: 7.8987 acc 0: 55.80 | acc 1: 25.04 | acc 2: 22.50
2025-04-10 19:30:05 - INFO - train step:   775 | 0: 3.7962 | 1: 6.3654 | 2: 6.6920
2025-04-10 19:30:23 - INFO - train step:   800 | 0: 3.7957 | 1: 6.3648 | 2: 6.6833
2025-04-10 19:32:51 - INFO - val step:   800 | 0: 7.5225 | 1: 7.5854 | 2: 7.8882 acc 0: 56.06 | acc 1: 25.00 | acc 2: 22.75
2025-04-10 19:33:11 - INFO - train step:   825 | 0: 3.7797 | 1: 6.3726 | 2: 6.6748
2025-04-10 19:33:31 - INFO - train step:   850 | 0: 3.9381 | 1: 6.4589 | 2: 6.7931
2025-04-10 19:36:00 - INFO - val step:   850 | 0: 7.5009 | 1: 7.5724 | 2: 7.8760 acc 0: 55.85 | acc 1: 25.36 | acc 2: 22.97
2025-04-10 19:36:19 - INFO - train step:   875 | 0: 4.3738 | 1: 6.5261 | 2: 6.8514
2025-04-10 19:36:37 - INFO - train step:   900 | 0: 4.1017 | 1: 6.4918 | 2: 6.8194
2025-04-10 19:39:06 - INFO - val step:   900 | 0: 7.4929 | 1: 7.5597 | 2: 7.8598 acc 0: 56.02 | acc 1: 25.35 | acc 2: 23.05
2025-04-10 19:39:23 - INFO - train step:   925 | 0: 3.7275 | 1: 6.3333 | 2: 6.6575
2025-04-10 19:39:42 - INFO - train step:   950 | 0: 4.0782 | 1: 6.4908 | 2: 6.8178
2025-04-10 19:42:11 - INFO - val step:   950 | 0: 7.5948 | 1: 7.5630 | 2: 7.8504 acc 0: 55.48 | acc 1: 25.71 | acc 2: 23.24
2025-04-10 19:42:31 - INFO - train step:   975 | 0: 4.2747 | 1: 6.6903 | 2: 7.0135
2025-04-10 19:42:52 - INFO - train step:  1000 | 0: 4.0995 | 1: 6.7135 | 2: 7.0530
2025-04-10 19:45:20 - INFO - val step:  1000 | 0: 7.3010 | 1: 7.5593 | 2: 7.8498 acc 0: 56.11 | acc 1: 25.37 | acc 2: 23.03
2025-04-10 19:45:41 - INFO - train step:  1025 | 0: 4.1456 | 1: 6.6970 | 2: 7.0079
2025-04-10 19:46:01 - INFO - train step:  1050 | 0: 3.6681 | 1: 6.4643 | 2: 6.7832
2025-04-10 19:48:31 - INFO - val step:  1050 | 0: 7.2420 | 1: 7.5711 | 2: 7.8640 acc 0: 56.05 | acc 1: 25.75 | acc 2: 23.35
2025-04-10 19:48:52 - INFO - train step:  1075 | 0: 3.8879 | 1: 6.4939 | 2: 6.8261
2025-04-10 19:49:14 - INFO - train step:  1100 | 0: 3.6710 | 1: 6.4777 | 2: 6.8108
2025-04-10 19:51:43 - INFO - val step:  1100 | 0: 7.2476 | 1: 7.5727 | 2: 7.8637 acc 0: 56.02 | acc 1: 25.71 | acc 2: 23.41
2025-04-10 19:52:03 - INFO - train step:  1125 | 0: 3.6462 | 1: 6.4514 | 2: 6.7653
2025-04-10 19:52:24 - INFO - train step:  1150 | 0: 3.6757 | 1: 6.2544 | 2: 6.5699
2025-04-10 19:54:53 - INFO - val step:  1150 | 0: 7.2675 | 1: 7.5653 | 2: 7.8567 acc 0: 56.06 | acc 1: 25.73 | acc 2: 23.35
2025-04-10 19:55:11 - INFO - train step:  1175 | 0: 3.6087 | 1: 6.2727 | 2: 6.5832
2025-04-10 19:55:30 - INFO - train step:  1200 | 0: 3.9313 | 1: 6.4251 | 2: 6.7584
2025-04-10 19:57:59 - INFO - val step:  1200 | 0: 7.1922 | 1: 7.5529 | 2: 7.8398 acc 0: 56.06 | acc 1: 25.88 | acc 2: 23.55
2025-04-10 19:58:18 - INFO - train step:  1225 | 0: 3.4579 | 1: 6.2381 | 2: 6.5676
2025-04-10 19:58:38 - INFO - train step:  1250 | 0: 3.9529 | 1: 6.6016 | 2: 6.9315
2025-04-10 20:01:07 - INFO - val step:  1250 | 0: 7.1790 | 1: 7.5600 | 2: 7.8463 acc 0: 55.79 | acc 1: 25.92 | acc 2: 23.49
2025-04-10 20:01:26 - INFO - train step:  1275 | 0: 3.8137 | 1: 6.6708 | 2: 7.0117
2025-04-10 20:01:45 - INFO - train step:  1300 | 0: 3.3216 | 1: 6.3816 | 2: 6.7077
2025-04-10 20:04:14 - INFO - val step:  1300 | 0: 7.3153 | 1: 7.5509 | 2: 7.8349 acc 0: 55.44 | acc 1: 26.21 | acc 2: 23.69
2025-04-10 20:04:33 - INFO - train step:  1325 | 0: 3.9928 | 1: 6.4607 | 2: 6.7636
2025-04-10 20:04:52 - INFO - train step:  1350 | 0: 3.9787 | 1: 6.4619 | 2: 6.7610
2025-04-10 20:07:21 - INFO - val step:  1350 | 0: 7.2033 | 1: 7.5556 | 2: 7.8391 acc 0: 56.13 | acc 1: 26.14 | acc 2: 23.60
2025-04-10 20:07:41 - INFO - train step:  1375 | 0: 4.1525 | 1: 6.5083 | 2: 6.8170
2025-04-10 20:08:00 - INFO - train step:  1400 | 0: 3.7198 | 1: 6.4034 | 2: 6.7231
2025-04-10 20:10:29 - INFO - val step:  1400 | 0: 7.0144 | 1: 7.5557 | 2: 7.8385 acc 0: 57.01 | acc 1: 26.49 | acc 2: 23.82
2025-04-10 20:10:49 - INFO - train step:  1425 | 0: 3.9105 | 1: 6.4351 | 2: 6.7584
2025-04-10 20:11:08 - INFO - train step:  1450 | 0: 4.0048 | 1: 6.4733 | 2: 6.7683
2025-04-10 20:13:37 - INFO - val step:  1450 | 0: 7.1071 | 1: 7.5545 | 2: 7.8387 acc 0: 55.65 | acc 1: 26.25 | acc 2: 23.69
2025-04-10 20:13:55 - INFO - train step:  1475 | 0: 3.4723 | 1: 6.3000 | 2: 6.5933
2025-04-10 20:14:14 - INFO - train step:  1500 | 0: 3.5427 | 1: 6.2922 | 2: 6.6055
2025-04-10 20:16:43 - INFO - val step:  1500 | 0: 7.1233 | 1: 7.5617 | 2: 7.8446 acc 0: 55.44 | acc 1: 26.77 | acc 2: 23.91
2025-04-10 20:17:02 - INFO - train step:  1525 | 0: 3.8509 | 1: 6.3720 | 2: 6.6778
2025-04-10 20:17:22 - INFO - train step:  1550 | 0: 3.6615 | 1: 6.4013 | 2: 6.6946
2025-04-10 20:19:51 - INFO - val step:  1550 | 0: 7.1403 | 1: 7.5596 | 2: 7.8448 acc 0: 55.00 | acc 1: 26.76 | acc 2: 23.90
2025-04-10 20:20:10 - INFO - train step:  1575 | 0: 3.8896 | 1: 6.4403 | 2: 6.7578
2025-04-10 20:20:29 - INFO - train step:  1600 | 0: 3.4141 | 1: 6.2356 | 2: 6.5696
2025-04-10 20:22:58 - INFO - val step:  1600 | 0: 6.9687 | 1: 7.5511 | 2: 7.8333 acc 0: 56.28 | acc 1: 26.90 | acc 2: 24.10
2025-04-10 20:23:17 - INFO - train step:  1625 | 0: 3.7313 | 1: 6.4759 | 2: 6.7744
2025-04-10 20:23:38 - INFO - train step:  1650 | 0: 3.7616 | 1: 6.6591 | 2: 6.9695
2025-04-10 20:26:07 - INFO - val step:  1650 | 0: 6.8230 | 1: 7.5490 | 2: 7.8267 acc 0: 56.86 | acc 1: 26.57 | acc 2: 23.97
2025-04-10 20:26:26 - INFO - train step:  1675 | 0: 3.3785 | 1: 6.4264 | 2: 6.7232
2025-04-10 20:26:46 - INFO - train step:  1700 | 0: 4.2207 | 1: 6.7218 | 2: 7.0353
2025-04-10 20:29:15 - INFO - val step:  1700 | 0: 6.6855 | 1: 7.5488 | 2: 7.8250 acc 0: 56.57 | acc 1: 26.55 | acc 2: 23.84
2025-04-10 20:29:36 - INFO - train step:  1725 | 0: 3.5852 | 1: 6.5353 | 2: 6.8286
2025-04-10 20:29:55 - INFO - train step:  1750 | 0: 3.4290 | 1: 6.3798 | 2: 6.6910
2025-04-10 20:32:25 - INFO - val step:  1750 | 0: 6.6132 | 1: 7.5476 | 2: 7.8226 acc 0: 57.18 | acc 1: 26.89 | acc 2: 24.10
2025-04-10 20:32:46 - INFO - train step:  1775 | 0: 3.7521 | 1: 6.5981 | 2: 6.9010
2025-04-10 20:33:04 - INFO - train step:  1800 | 0: 3.4932 | 1: 6.4144 | 2: 6.7161
2025-04-10 20:35:33 - INFO - val step:  1800 | 0: 6.6107 | 1: 7.5497 | 2: 7.8263 acc 0: 56.78 | acc 1: 26.75 | acc 2: 24.04
2025-04-10 20:35:53 - INFO - train step:  1825 | 0: 3.5177 | 1: 6.5455 | 2: 6.8733
2025-04-10 20:36:14 - INFO - train step:  1850 | 0: 3.4831 | 1: 6.5215 | 2: 6.8251
2025-04-10 20:38:43 - INFO - val step:  1850 | 0: 6.6859 | 1: 7.5526 | 2: 7.8288 acc 0: 55.71 | acc 1: 26.79 | acc 2: 23.90
2025-04-10 20:39:01 - INFO - train step:  1875 | 0: 3.3798 | 1: 6.3243 | 2: 6.6350
2025-04-10 20:39:21 - INFO - train step:  1900 | 0: 3.6843 | 1: 6.4558 | 2: 6.7458
2025-04-10 20:41:51 - INFO - val step:  1900 | 0: 6.6885 | 1: 7.5552 | 2: 7.8316 acc 0: 56.11 | acc 1: 26.98 | acc 2: 24.11
2025-04-10 20:42:09 - INFO - train step:  1925 | 0: 3.9802 | 1: 6.6038 | 2: 6.9045
2025-04-10 20:42:30 - INFO - train step:  1950 | 0: 3.4709 | 1: 6.4743 | 2: 6.7907
2025-04-10 20:44:59 - INFO - val step:  1950 | 0: 6.6493 | 1: 7.5564 | 2: 7.8308 acc 0: 55.96 | acc 1: 27.07 | acc 2: 24.06
2025-04-10 20:45:20 - INFO - train step:  1975 | 0: 3.7400 | 1: 6.5659 | 2: 6.8541
2025-04-10 20:45:41 - INFO - train step:  2000 | 0: 3.8620 | 1: 6.7678 | 2: 7.0599
2025-04-10 20:48:10 - INFO - val step:  2000 | 0: 6.4604 | 1: 7.5677 | 2: 7.8376 acc 0: 56.46 | acc 1: 27.01 | acc 2: 24.17
2025-04-10 20:48:29 - INFO - train step:  2025 | 0: 3.6982 | 1: 6.6804 | 2: 7.0064
2025-04-10 20:48:49 - INFO - train step:  2050 | 0: 3.8339 | 1: 6.8113 | 2: 7.0898
2025-04-10 20:51:18 - INFO - val step:  2050 | 0: 6.4078 | 1: 7.5739 | 2: 7.8450 acc 0: 56.18 | acc 1: 26.83 | acc 2: 23.86
2025-04-10 20:51:36 - INFO - train step:  2075 | 0: 3.5630 | 1: 6.6548 | 2: 6.9817
2025-04-10 20:51:55 - INFO - train step:  2100 | 0: 4.0513 | 1: 6.7315 | 2: 7.0193
2025-04-10 20:54:24 - INFO - val step:  2100 | 0: 6.4228 | 1: 7.5574 | 2: 7.8280 acc 0: 56.12 | acc 1: 26.64 | acc 2: 24.03
2025-04-10 20:54:43 - INFO - train step:  2125 | 0: 3.5708 | 1: 6.6844 | 2: 6.9780
2025-04-10 20:55:03 - INFO - train step:  2150 | 0: 3.4444 | 1: 6.4232 | 2: 6.7054
2025-04-10 20:57:32 - INFO - val step:  2150 | 0: 6.1969 | 1: 7.5600 | 2: 7.8308 acc 0: 57.08 | acc 1: 26.69 | acc 2: 24.06
2025-04-10 20:57:50 - INFO - train step:  2175 | 0: 3.4752 | 1: 6.4485 | 2: 6.7367
2025-04-10 20:58:09 - INFO - train step:  2200 | 0: 3.6112 | 1: 6.5071 | 2: 6.7974
2025-04-10 21:00:38 - INFO - val step:  2200 | 0: 6.3039 | 1: 7.5486 | 2: 7.8219 acc 0: 56.07 | acc 1: 26.97 | acc 2: 23.96
2025-04-10 21:00:58 - INFO - train step:  2225 | 0: 3.6322 | 1: 6.6871 | 2: 6.9932
2025-04-10 21:01:19 - INFO - train step:  2250 | 0: 3.5146 | 1: 6.3019 | 2: 6.5978
2025-04-10 21:03:48 - INFO - val step:  2250 | 0: 6.2739 | 1: 7.5517 | 2: 7.8248 acc 0: 56.16 | acc 1: 27.18 | acc 2: 24.34
2025-04-10 21:04:08 - INFO - train step:  2275 | 0: 3.4631 | 1: 6.4660 | 2: 6.7605
2025-04-10 21:04:27 - INFO - train step:  2300 | 0: 3.5444 | 1: 6.5401 | 2: 6.8205
2025-04-10 21:06:56 - INFO - val step:  2300 | 0: 6.2072 | 1: 7.5411 | 2: 7.8134 acc 0: 57.03 | acc 1: 27.14 | acc 2: 24.22
2025-04-10 21:07:16 - INFO - train step:  2325 | 0: 3.3741 | 1: 6.4868 | 2: 6.7519
2025-04-10 21:07:35 - INFO - train step:  2350 | 0: 3.4426 | 1: 6.4006 | 2: 6.6870
2025-04-10 21:10:03 - INFO - val step:  2350 | 0: 6.2768 | 1: 7.5426 | 2: 7.8122 acc 0: 56.17 | acc 1: 27.08 | acc 2: 23.89
2025-04-10 21:10:24 - INFO - train step:  2375 | 0: 3.7971 | 1: 6.6541 | 2: 6.9662
2025-04-10 21:10:44 - INFO - train step:  2400 | 0: 3.5001 | 1: 6.5037 | 2: 6.7917
2025-04-10 21:13:13 - INFO - val step:  2400 | 0: 6.1260 | 1: 7.5533 | 2: 7.8218 acc 0: 56.78 | acc 1: 26.83 | acc 2: 23.94
2025-04-10 21:13:32 - INFO - train step:  2425 | 0: 3.6830 | 1: 6.6814 | 2: 6.9790
2025-04-10 21:13:52 - INFO - train step:  2450 | 0: 3.7727 | 1: 6.7978 | 2: 7.1014
2025-04-10 21:16:21 - INFO - val step:  2450 | 0: 6.1083 | 1: 7.5500 | 2: 7.8218 acc 0: 56.94 | acc 1: 27.34 | acc 2: 24.27
2025-04-10 21:16:41 - INFO - train step:  2475 | 0: 3.6615 | 1: 6.6380 | 2: 6.9360
2025-04-10 21:17:01 - INFO - train step:  2500 | 0: 3.6640 | 1: 6.5788 | 2: 6.8801
2025-04-10 21:19:30 - INFO - val step:  2500 | 0: 6.1303 | 1: 7.5559 | 2: 7.8282 acc 0: 56.69 | acc 1: 27.20 | acc 2: 24.22
